2013-05-09 12:29:54.187 [Worker-2] INFO    com.objectaid.uml.license.LicenseManager initialize: found license Diagram Add-On 1.1.x - EVAL until 2013-05-23
2013-05-09 12:29:54.198 [Worker-2] INFO    com.objectaid.uml.license.LicenseManager initialize: found license Sequence Diagram 1.1.x - EVAL until 2013-05-23
2013-05-09 12:29:55.381 [Worker-3] INFO    com.objectaid.uml.model.manage.DiagramManager getFactories: com.objectaid.uml.diagramFactories[ucls]: com.objectaid.uml.cls.model.ClassDiagramFactory@4ad45e70
2013-05-09 12:29:55.411 [Worker-3] INFO    com.objectaid.uml.model.manage.DiagramManager getFactories: com.objectaid.uml.diagramFactories[useq]: com.objectaid.uml.seq.model.SequenceDiagramFactory@a5e201f
2013-05-09 12:29:55.654 [main] INFO    com.objectaid.uml.util.extend.ExecutableExtensionManager loadExtensions: found com.objectaid.uml.accessors=com.objectaid.uml.model.accessor.ReflectionAccessor
2013-05-09 12:29:55.658 [main] INFO    com.objectaid.uml.util.extend.ExecutableExtensionManager loadExtensions: found com.objectaid.uml.renderFormats=com.objectaid.uml.render.RasterRenderFormat
2013-05-09 12:29:55.689 [main] INFO    com.objectaid.uml.util.extend.ExecutableExtensionManager loadExtensions: found com.objectaid.uml.renderFormats=com.objectaid.uml.render.RasterRenderFormat
2013-05-09 12:29:55.690 [main] INFO    com.objectaid.uml.util.extend.ExecutableExtensionManager loadExtensions: found com.objectaid.uml.renderFormats=com.objectaid.uml.render.IndexedRasterRenderFormat
2013-05-09 12:29:55.692 [main] INFO    com.objectaid.uml.util.extend.ExecutableExtensionManager loadExtensions: found com.objectaid.uml.renderFormats=com.objectaid.uml.addon.render.SVGRenderFormat
2013-05-09 12:29:55.696 [main] INFO    com.objectaid.uml.util.extend.ExecutableExtensionManager loadExtensions: found com.objectaid.uml.renderFormats=com.objectaid.uml.addon.render.PDFRenderFormat
2013-05-09 12:29:55.711 [main] INFO    com.objectaid.uml.util.extend.ExecutableExtensionManager loadExtensions: found com.objectaid.uml.accessors=com.objectaid.uml.model.accessor.ReflectionAccessor
2013-05-09 12:29:55.712 [main] INFO    com.objectaid.uml.util.extend.ExecutableExtensionManager loadExtensions: found com.objectaid.uml.accessors=com.objectaid.uml.model.accessor.ReflectionAccessor
2013-05-09 12:29:55.712 [main] INFO    com.objectaid.uml.util.extend.ExecutableExtensionManager loadExtensions: found com.objectaid.uml.accessors=com.objectaid.uml.model.accessor.ReflectionAccessor
2013-05-09 12:29:55.713 [main] INFO    com.objectaid.uml.util.extend.ExecutableExtensionManager loadExtensions: found com.objectaid.uml.accessors=com.objectaid.uml.model.accessor.ReflectionAccessor
2013-05-09 12:29:55.714 [main] INFO    com.objectaid.uml.util.extend.ExecutableExtensionManager loadExtensions: found com.objectaid.uml.accessors=com.objectaid.uml.model.accessor.ReflectionAccessor
2013-05-09 12:29:55.715 [main] INFO    com.objectaid.uml.util.extend.ExecutableExtensionManager loadExtensions: found com.objectaid.uml.accessors=com.objectaid.uml.model.accessor.ReflectionAccessor
2013-05-09 12:29:55.716 [main] INFO    com.objectaid.uml.util.extend.ExecutableExtensionManager loadExtensions: found com.objectaid.uml.accessors=com.objectaid.uml.model.accessor.ReflectionAccessor
2013-05-09 12:29:55.717 [main] INFO    com.objectaid.uml.util.extend.ExecutableExtensionManager loadExtensions: found com.objectaid.uml.accessors=com.objectaid.uml.model.accessor.ReflectionAccessor
2013-05-09 12:29:55.719 [main] INFO    com.objectaid.uml.util.extend.ExecutableExtensionManager loadExtensions: found com.objectaid.uml.accessors=com.objectaid.uml.model.accessor.ReflectionAccessor
2013-05-09 12:29:55.720 [main] INFO    com.objectaid.uml.util.extend.ExecutableExtensionManager loadExtensions: found com.objectaid.uml.accessors=com.objectaid.uml.model.accessor.ReflectionAccessor
2013-05-09 12:29:55.721 [main] INFO    com.objectaid.uml.util.extend.ExecutableExtensionManager loadExtensions: found com.objectaid.uml.accessors=com.objectaid.uml.model.accessor.ReflectionAccessor
2013-05-09 12:29:55.722 [main] INFO    com.objectaid.uml.util.extend.ExecutableExtensionManager loadExtensions: found com.objectaid.uml.accessors=com.objectaid.uml.model.accessor.ReflectionAccessor
2013-05-09 12:29:55.723 [main] INFO    com.objectaid.uml.util.extend.ExecutableExtensionManager loadExtensions: found com.objectaid.uml.accessors=com.objectaid.uml.model.accessor.ReflectionAccessor
2013-05-09 12:29:55.724 [main] INFO    com.objectaid.uml.util.extend.ExecutableExtensionManager loadExtensions: found com.objectaid.uml.accessors=com.objectaid.uml.model.accessor.ReflectionAccessor
2013-05-09 12:29:55.725 [main] INFO    com.objectaid.uml.util.extend.ExecutableExtensionManager loadExtensions: found com.objectaid.uml.accessors=com.objectaid.uml.model.accessor.ReflectionAccessor
2013-05-09 12:29:55.731 [main] INFO    com.objectaid.uml.util.extend.ExecutableExtensionManager loadExtensions: found com.objectaid.uml.accessors=com.objectaid.uml.model.accessor.ReflectionAccessor
2013-05-09 12:29:55.731 [main] INFO    com.objectaid.uml.util.extend.ExecutableExtensionManager loadExtensions: found com.objectaid.uml.accessors=com.objectaid.uml.model.accessor.ReflectionAccessor
2013-05-09 12:29:55.732 [main] INFO    com.objectaid.uml.util.extend.ExecutableExtensionManager loadExtensions: found com.objectaid.uml.accessors=com.objectaid.uml.model.accessor.ReflectionAccessor
2013-05-09 12:29:55.733 [main] INFO    com.objectaid.uml.util.extend.ExecutableExtensionManager loadExtensions: found com.objectaid.uml.accessors=com.objectaid.uml.model.accessor.ReflectionAccessor
2013-05-09 12:29:55.734 [main] INFO    com.objectaid.uml.util.extend.ExecutableExtensionManager loadExtensions: found com.objectaid.uml.accessors=com.objectaid.uml.model.accessor.ReflectionAccessor
2013-05-09 12:29:55.735 [main] INFO    com.objectaid.uml.util.extend.ExecutableExtensionManager loadExtensions: found com.objectaid.uml.accessors=com.objectaid.uml.model.accessor.ReflectionAccessor
2013-05-09 12:29:55.745 [main] INFO    com.objectaid.uml.util.extend.ExecutableExtensionManager loadExtensions: found com.objectaid.uml.accessors=com.objectaid.uml.model.accessor.ReflectionAccessor
2013-05-09 12:29:55.746 [main] INFO    com.objectaid.uml.util.extend.ExecutableExtensionManager loadExtensions: found com.objectaid.uml.accessors=com.objectaid.uml.model.accessor.ReflectionAccessor
2013-05-09 12:29:55.746 [main] INFO    com.objectaid.uml.util.extend.ExecutableExtensionManager loadExtensions: found com.objectaid.uml.accessors=com.objectaid.uml.model.accessor.ReflectionAccessor
2013-05-09 12:29:55.747 [main] INFO    com.objectaid.uml.util.extend.ExecutableExtensionManager loadExtensions: found com.objectaid.uml.accessors=com.objectaid.uml.model.accessor.ReflectionAccessor
2013-05-09 12:29:55.747 [main] INFO    com.objectaid.uml.util.extend.ExecutableExtensionManager loadExtensions: found com.objectaid.uml.accessors=com.objectaid.uml.model.accessor.ReflectionAccessor
2013-05-09 12:29:55.749 [main] INFO    com.objectaid.uml.util.extend.ExecutableExtensionManager loadExtensions: found com.objectaid.uml.accessors=com.objectaid.uml.model.accessor.ReflectionAccessor
2013-05-09 12:29:55.749 [main] INFO    com.objectaid.uml.util.extend.ExecutableExtensionManager loadExtensions: found com.objectaid.uml.accessors=com.objectaid.uml.model.accessor.ReflectionAccessor
2013-05-09 12:29:55.750 [main] INFO    com.objectaid.uml.util.extend.ExecutableExtensionManager loadExtensions: found com.objectaid.uml.accessors=com.objectaid.uml.model.accessor.ReflectionAccessor
2013-05-09 12:29:55.750 [main] INFO    com.objectaid.uml.util.extend.ExecutableExtensionManager loadExtensions: found com.objectaid.uml.accessors=com.objectaid.uml.model.accessor.ReflectionAccessor
2013-05-09 12:29:55.751 [main] INFO    com.objectaid.uml.util.extend.ExecutableExtensionManager loadExtensions: found com.objectaid.uml.accessors=com.objectaid.uml.model.accessor.ReflectionAccessor
2013-05-09 12:29:55.752 [main] INFO    com.objectaid.uml.util.extend.ExecutableExtensionManager loadExtensions: found com.objectaid.uml.accessors=com.objectaid.uml.model.accessor.ReflectionAccessor
2013-05-09 12:29:55.752 [main] INFO    com.objectaid.uml.util.extend.ExecutableExtensionManager loadExtensions: found com.objectaid.uml.accessors=com.objectaid.uml.model.accessor.ReflectionAccessor
2013-05-09 12:29:55.753 [main] INFO    com.objectaid.uml.util.extend.ExecutableExtensionManager loadExtensions: found com.objectaid.uml.accessors=com.objectaid.uml.model.accessor.ReflectionAccessor
2013-05-09 12:29:55.754 [main] INFO    com.objectaid.uml.util.extend.ExecutableExtensionManager loadExtensions: found com.objectaid.uml.accessors=com.objectaid.uml.model.accessor.ReflectionAccessor
2013-05-09 12:29:55.755 [main] INFO    com.objectaid.uml.util.extend.ExecutableExtensionManager loadExtensions: found com.objectaid.uml.accessors=com.objectaid.uml.model.accessor.ReflectionAccessor
2013-05-09 12:29:55.756 [main] INFO    com.objectaid.uml.util.extend.ExecutableExtensionManager loadExtensions: found com.objectaid.uml.accessors=com.objectaid.uml.model.accessor.ReflectionAccessor
2013-05-09 12:29:55.756 [main] INFO    com.objectaid.uml.util.extend.ExecutableExtensionManager loadExtensions: found com.objectaid.uml.accessors=com.objectaid.uml.model.accessor.ReflectionAccessor
2013-05-09 12:29:55.757 [main] INFO    com.objectaid.uml.util.extend.ExecutableExtensionManager loadExtensions: found com.objectaid.uml.accessors=com.objectaid.uml.model.accessor.ReflectionAccessor
2013-05-09 12:29:55.758 [main] INFO    com.objectaid.uml.util.extend.ExecutableExtensionManager loadExtensions: found com.objectaid.uml.accessors=com.objectaid.uml.model.accessor.ReflectionAccessor
2013-05-09 12:29:55.828 [Worker-3] INFO    com.objectaid.uml.model.manage.LanguageElementManager getLanguageElementFactories: com.objectaid.uml.languageElementFactories: com.objectaid.uml.java.JavaElementFactory
